<?xml version="1.0" encoding="UTF-8"?>
<coverage generated="1580601243105" clover="3.2.0">
  <project timestamp="1580601243105" name="All files">
    <metrics statements="55" coveredstatements="41" conditionals="40" coveredconditionals="26" methods="10" coveredmethods="7" elements="105" coveredelements="74" complexity="0" loc="55" ncloc="55" packages="1" files="1" classes="1"/>
    <file name="fizz-buzz-tree.js" path="C:\Users\user\alchemy\bootcamp-three\data-structures-and-algorithms\challenges\fizzBuzzTree\fizz-buzz-tree.js">
      <metrics statements="55" coveredstatements="41" conditionals="40" coveredconditionals="26" methods="10" coveredmethods="7"/>
      <line num="3" count="41" type="stmt"/>
      <line num="4" count="41" type="stmt"/>
      <line num="5" count="41" type="stmt"/>
      <line num="10" count="16" type="stmt"/>
      <line num="11" count="16" type="cond" truecount="2" falsecount="0"/>
      <line num="12" count="7" type="stmt"/>
      <line num="13" count="9" type="cond" truecount="1" falsecount="1"/>
      <line num="14" count="0" type="stmt"/>
      <line num="16" count="9" type="stmt"/>
      <line num="17" count="19" type="stmt"/>
      <line num="22" count="24" type="stmt"/>
      <line num="23" count="24" type="stmt"/>
      <line num="24" count="34" type="cond" truecount="1" falsecount="1"/>
      <line num="25" count="0" type="stmt"/>
      <line num="27" count="34" type="cond" truecount="2" falsecount="0"/>
      <line num="28" count="18" type="cond" truecount="2" falsecount="0"/>
      <line num="29" count="13" type="stmt"/>
      <line num="30" count="13" type="stmt"/>
      <line num="32" count="5" type="stmt"/>
      <line num="35" count="16" type="cond" truecount="2" falsecount="0"/>
      <line num="36" count="11" type="stmt"/>
      <line num="37" count="11" type="stmt"/>
      <line num="39" count="5" type="stmt"/>
      <line num="46" count="13" type="cond" truecount="2" falsecount="0"/>
      <line num="47" count="13" type="stmt"/>
      <line num="48" count="13" type="cond" truecount="2" falsecount="0"/>
      <line num="49" count="13" type="cond" truecount="2" falsecount="0"/>
      <line num="50" count="13" type="stmt"/>
      <line num="54" count="0" type="cond" truecount="0" falsecount="2"/>
      <line num="55" count="0" type="cond" truecount="0" falsecount="2"/>
      <line num="56" count="0" type="stmt"/>
      <line num="57" count="0" type="cond" truecount="0" falsecount="2"/>
      <line num="58" count="0" type="stmt"/>
      <line num="62" count="0" type="cond" truecount="0" falsecount="2"/>
      <line num="63" count="0" type="cond" truecount="0" falsecount="2"/>
      <line num="64" count="0" type="cond" truecount="0" falsecount="2"/>
      <line num="65" count="0" type="stmt"/>
      <line num="66" count="0" type="stmt"/>
      <line num="70" count="0" type="stmt"/>
      <line num="71" count="0" type="stmt"/>
      <line num="75" count="13" type="cond" truecount="2" falsecount="0"/>
      <line num="76" count="2" type="stmt"/>
      <line num="77" count="11" type="cond" truecount="2" falsecount="0"/>
      <line num="78" count="3" type="stmt"/>
      <line num="79" count="8" type="cond" truecount="2" falsecount="0"/>
      <line num="80" count="4" type="stmt"/>
      <line num="82" count="4" type="stmt"/>
      <line num="84" count="13" type="cond" truecount="2" falsecount="0"/>
      <line num="85" count="13" type="cond" truecount="2" falsecount="0"/>
      <line num="86" count="13" type="stmt"/>
      <line num="90" count="1" type="stmt"/>
      <line num="91" count="6" type="stmt"/>
      <line num="92" count="6" type="stmt"/>
      <line num="93" count="6" type="stmt"/>
      <line num="96" count="1" type="stmt"/>
    </file>
  </project>
</coverage>
