<?xml version="1.0" encoding="UTF-8"?>
<coverage generated="1577079412392" clover="3.2.0">
  <project timestamp="1577079412392" name="All files">
    <metrics statements="21" coveredstatements="21" conditionals="2" coveredconditionals="2" methods="7" coveredmethods="7" elements="30" coveredelements="30" complexity="0" loc="21" ncloc="21" packages="1" files="1" classes="1"/>
    <file name="queue-with-stacks.js" path="C:\Users\user\alchemy\bootcamp-three\data-structures-and-algorithms\challenges\queueWithStacks\queue-with-stacks.js">
      <metrics statements="21" coveredstatements="21" conditionals="2" coveredconditionals="2" methods="7" coveredmethods="7"/>
      <line num="3" count="25" type="stmt"/>
      <line num="4" count="25" type="stmt"/>
      <line num="10" count="16" type="stmt"/>
      <line num="14" count="25" type="stmt"/>
      <line num="15" count="25" type="stmt"/>
      <line num="16" count="25" type="stmt"/>
      <line num="20" count="14" type="stmt"/>
      <line num="21" count="14" type="stmt"/>
      <line num="22" count="14" type="stmt"/>
      <line num="26" count="4" type="cond" truecount="2" falsecount="0"/>
      <line num="32" count="3" type="stmt"/>
      <line num="33" count="3" type="stmt"/>
      <line num="34" count="3" type="stmt"/>
      <line num="38" count="6" type="stmt"/>
      <line num="39" count="6" type="stmt"/>
      <line num="40" count="6" type="stmt"/>
      <line num="42" count="6" type="stmt"/>
      <line num="43" count="6" type="stmt"/>
      <line num="44" count="6" type="stmt"/>
      <line num="46" count="6" type="stmt"/>
      <line num="50" count="1" type="stmt"/>
    </file>
  </project>
</coverage>
