TN:
SF:C:\Users\user\alchemy\bootcamp-three\data-structures-and-algorithms\challenges\array-reverse\array-reverse.js
FN:1,(anonymous_0)
FNF:1
FNH:1
FNDA:5,(anonymous_0)
DA:1,1
DA:2,5
DA:3,1
DA:5,4
DA:6,4
DA:7,17
DA:9,4
DA:12,1
LF:8
LH:8
BRDA:2,0,0,1
BRDA:2,0,1,4
BRF:2
BRH:2
end_of_record
TN:
SF:C:\Users\user\alchemy\bootcamp-three\data-structures-and-algorithms\challenges\arrayShift\array-shift.js
FN:1,(anonymous_0)
FNF:1
FNH:1
FNDA:5,(anonymous_0)
DA:1,1
DA:2,5
DA:3,5
DA:4,18
DA:5,7
DA:6,11
DA:7,5
DA:8,6
DA:9,6
DA:11,5
DA:14,1
LF:11
LH:11
BRDA:4,0,0,7
BRDA:4,0,1,11
BRDA:6,1,0,5
BRDA:6,1,1,6
BRDA:8,2,0,6
BRDA:8,2,1,0
BRF:6
BRH:5
end_of_record
