TN:
SF:C:\Users\user\alchemy\bootcamp-three\data-structures-and-algorithms\challenges\linkedList\doubly-linked-list.js
FN:2,(anonymous_0)
FN:7,(anonymous_1)
FN:13,(anonymous_2)
FN:24,(anonymous_3)
FN:34,(anonymous_4)
FN:47,(anonymous_5)
FN:60,(anonymous_6)
FN:71,(anonymous_7)
FN:83,(anonymous_8)
FNF:9
FNH:9
FNDA:9,(anonymous_0)
FNDA:11,(anonymous_1)
FNDA:8,(anonymous_2)
FNDA:10,(anonymous_3)
FNDA:4,(anonymous_4)
FNDA:4,(anonymous_5)
FNDA:1,(anonymous_6)
FNDA:1,(anonymous_7)
FNDA:27,(anonymous_8)
DA:3,9
DA:4,9
DA:8,11
DA:9,11
DA:10,11
DA:14,8
DA:15,8
DA:16,20
DA:17,6
DA:19,14
DA:25,10
DA:26,10
DA:27,13
DA:28,10
DA:29,10
DA:30,3
DA:35,4
DA:36,1
DA:38,3
DA:39,3
DA:40,5
DA:41,3
DA:42,3
DA:43,2
DA:48,4
DA:49,1
DA:51,3
DA:52,3
DA:53,4
DA:54,3
DA:55,3
DA:56,1
DA:61,1
DA:62,1
DA:63,1
DA:64,1
DA:65,1
DA:66,1
DA:67,0
DA:72,1
DA:73,1
DA:74,1
DA:75,3
DA:76,3
DA:78,1
DA:84,27
DA:85,27
DA:86,27
DA:90,1
LF:49
LH:48
BRDA:16,0,0,6
BRDA:16,0,1,14
BRDA:27,1,0,10
BRDA:27,1,1,3
BRDA:35,2,0,1
BRDA:35,2,1,3
BRDA:40,3,0,3
BRDA:40,3,1,2
BRDA:48,4,0,1
BRDA:48,4,1,3
BRDA:53,5,0,3
BRDA:53,5,1,1
BRDA:63,6,0,1
BRDA:63,6,1,0
BRF:14
BRH:13
end_of_record
